[2024-02-18 09:29:03][INFO][org.frameworkset.spi.remote.http.ClientConfiguration] Http Pool[default] config:http.authAccount=elastic,http.authPassword=******,http.encodedAuthCharset=US-ASCII,http.timeoutConnection=50000,http.timeoutSocket=50000,http.connectionRequestTimeout=50000,http.retryTime=1,http.automaticRetriesDisabled=false,http.backoffAuth=false,http.retryInterval=1000,http.maxLineLength=-1,http.maxHeaderCount=200,http.maxTotal=400,http.soReuseAddress=false,http.soKeepAlive=false,http.timeToLive=3600000,http.keepAlive=3600000,http.defaultMaxPerRoute=200,http.validateAfterInactivity=50000,http.staleConnectionCheckEnabled=false,http.customHttpRequestRetryHandler=org.frameworkset.spi.remote.http.ConnectionResetHttpRequestRetryHandler,http.keystore=null,http.keystoreAlias=null,http.keyPassword=null,http.truststore=null,http.truststoreAlias=null,http.trustPassword=null,http.pemCert=null,http.pemtrustedCA=null,http.pemKey=null,http.pemkeyPassword=null,http.hostnameVerifier=null,http.supportedProtocols=TLSv1.2,TLSv1.1,TLSv1,http.httpClientBuilderCallback=null,http.evictExpiredConnections=true,http.routing=null,http.health=null,http.discoverService=null,http.hosts=null,http.failAllContinue=true,http.healthCheckInterval=null,http.discoverServiceInterval=null,http.handleNullOrEmptyHostsByDiscovery=null,http.hosts=null,http.health=null,http.healthCheckInterval=3000,http.failAllContinue=true,http.discoverServiceInterval=10000,http.handleNullOrEmptyHostsByDiscovery=false
[2024-02-18 09:29:03][INFO][org.frameworkset.spi.remote.http.proxy.HttpServiceHosts] HttpProxy server Http pool[default] healthCheck is disabled,you can set HttpProxy http.healthCheckInterval (>0) and http.health in configfile to enabled healthCheck.
[2024-02-18 09:29:03][INFO][org.frameworkset.spi.remote.http.proxy.HttpServiceHosts] Discover Http pool[default] is disabled,to enabled set http.discoverService in configfile.
[2024-02-18 09:29:03][INFO][org.frameworkset.spi.remote.http.ClientConfiguration] Http Pool[__healthCheck_default] config:http.authAccount=elastic,http.authPassword=******,http.encodedAuthCharset=US-ASCII,http.timeoutConnection=50000,http.timeoutSocket=50000,http.connectionRequestTimeout=50000,http.retryTime=1,http.automaticRetriesDisabled=false,http.backoffAuth=false,http.retryInterval=1000,http.maxLineLength=-1,http.maxHeaderCount=200,http.maxTotal=500,http.soReuseAddress=false,http.soKeepAlive=false,http.timeToLive=3600000,http.keepAlive=3600000,http.defaultMaxPerRoute=50,http.validateAfterInactivity=50000,http.staleConnectionCheckEnabled=false,http.customHttpRequestRetryHandler=org.frameworkset.spi.remote.http.ConnectionResetHttpRequestRetryHandler,http.keystore=null,http.keystoreAlias=null,http.keyPassword=null,http.truststore=null,http.truststoreAlias=null,http.trustPassword=null,http.pemCert=null,http.pemtrustedCA=null,http.pemKey=null,http.pemkeyPassword=null,http.hostnameVerifier=null,http.supportedProtocols=TLSv1.2,TLSv1.1,TLSv1,http.httpClientBuilderCallback=null,http.evictExpiredConnections=true
[2024-02-18 09:29:03][INFO][org.frameworkset.elasticsearch.ElasticSearchHelper] dslfile.refreshInterval -1 ms
[2024-02-18 09:29:03][INFO][org.frameworkset.elasticsearch.ElasticSearchHelper] dslfile.dslMappingDir null
[2024-02-18 09:29:03][INFO][org.frameworkset.elasticsearch.ElasticSearch] Start Elasticsearch Datasource[default] from springboot[true]:{"elasticPassword":"******","elasticsearch.scrollBlockedWaitTimeout":"0","elasticsearch.client":"restful","elasticsearch.timeZone":"Asia/Shanghai","elasticsearch.failAllContinue":"true","elasticUser":"elastic","elasticsearch.dateFormat":"yyyy.MM.dd","elasticsearch.sliceScrollThreadCount":"100","elasticsearch.healthPath":"/","elasticsearch.showTemplate":"true","elasticsearch.ttl":"2d","elasticsearch.scrollThreadQueue":"200","elasticsearch.version":"7.0.0","elasticsearch.healthCheckInterval":"3000","elasticsearch.sliceScrollBlockedWaitTimeout":"0","elasticsearch.scrollThreadCount":"200","elasticsearch.includeTypeName":"false","elasticsearch.rest.hostNames":"192.168.137.1:9200","elasticsearch.sliceScrollThreadQueue":"100","elasticsearch.discoverHost":"false","elasticsearch.httpPool":"default"}
[2024-02-18 09:29:03][INFO][org.frameworkset.elasticsearch.TimeBasedIndexNameBuilder] dateFormatString = yyyy.MM.dd,timeZoneString=Asia/Shanghai,indexPrefix=null
[2024-02-18 09:29:03][INFO][org.frameworkset.elasticsearch.ElasticSearchHelper] Geo ipinfo config {"ip.database":"","ip.asnDatabase":"","ip.ispConverter":"","ip.ip2regionDatabase":"","ip.cachesize":"10000","ip.serviceUrl":""},from springboot:true
[2024-02-18 09:29:03][INFO][org.frameworkset.elasticsearch.ElasticSearch] Start ElasticSearch rest client:192.168.137.1:9200
[2024-02-18 09:29:03][INFO][org.frameworkset.elasticsearch.client.ElasticSearchRestClient] Start Elasticsearch healthCheck thread,you can set elasticsearch.healthCheckInterval=-1 in ElasticSearch Configs to disable healthCheck thread.
[2024-02-18 09:29:03][INFO][org.frameworkset.elasticsearch.client.ElasticSearchRestClient] Elasticsearch Server Info:
{
  "name" : "YINBP",
  "cluster_name" : "elasticsearch",
  "cluster_uuid" : "hWXZhzhBT7qZWVJqetRu6w",
  "version" : {
    "number" : "8.9.2",
    "build_flavor" : "default",
    "build_type" : "zip",
    "build_hash" : "e8179018838f55b8820685f92e245abef3bddc0f",
    "build_date" : "2023-08-31T02:43:14.210479707Z",
    "build_snapshot" : false,
    "lucene_version" : "9.7.0",
    "minimum_wire_compatibility_version" : "7.17.0",
    "minimum_index_compatibility_version" : "7.0.0"
  },
  "tagline" : "You Know, for Search"
}

[2024-02-18 09:29:03][INFO][org.frameworkset.elasticsearch.client.ElasticSearchRestClient] Discover Elasticsearch Host is disabled,to enabled set elasticsearch.discoverHost=true  in ElasticSearch Configs.
[2024-02-18 09:29:03][INFO][org.frameworkset.elasticsearch.ElasticSearch] ElasticSearch rest client started.
[2024-02-18 09:29:03][INFO][com.frameworkset.common.poolman.util.SQLManager] Start Pool test begin.
[2024-02-18 09:29:03][INFO][com.frameworkset.common.poolman.management.LocalPoolDeployer]  Created JDBC Connection Pool named test,config:{"url":"jdbc:mysql://localhost:3306/bboss","driverName":null,"userName":"root","dbname":"test","usepool":false,"driver":"com.mysql.jdbc.Driver","password":"******","jndiname":"test_jndi","dbtype":null,"loadmetadata":"false","minimumSize":10,"maximumSize":50,"maximumSoft":true,"datasourceFile":null,"testWhileidle":true,"removeAbandoned":"false","logAbandoned":true,"readOnly":null,"enablejta":false,"initialConnections":10,"seqfunction":null,"databaseProductName":null,"databaseProductVersion":null,"driverVersion":null,"datasourceParameters":null,"validationQuery":"select 1","queryfetchsize":null,"external":false,"showsql":true"showsqlParams":false,"externaljndiName":null,"removeOnExceptions":false,"maxOpenPreparedStatements":-1,"userTimeout":300,"connectionTimeout":5000,"maxWait":"6000","transactionTimeout":60,"skimmerFrequency":180000,"shrinkBy":5,"interceptor":"com.frameworkset.common.poolman.interceptor.DummyInterceptor","idGenerator":null,"jndiclass":null,"jndiuser":null,"jndipassword":******,"DbInfoEncrypt":,"balance":random,"enableBalance":"false,"jndiurl":null,"keygenerate":"composite","autoprimarykey":false,"robotquery":true,"poolPreparedStatements":false,"return_GENERATED_KEYS":true,"txIsolationLevel":null}
[2024-02-18 09:29:03][INFO][com.frameworkset.common.poolman.util.JDBCPool] DataSource bound to JNDI under name[test_jndi]
[2024-02-18 09:29:03][INFO][com.frameworkset.common.poolman.util.SQLManager] Start Pool test complete[success].
[2024-02-18 09:29:03][INFO][org.frameworkset.spi.remote.http.ClientConfiguration] Ignore MakeDefualtClientConfiguration and return existed Http Pool[__healthCheck_default].
[2024-02-18 09:29:03][INFO][org.frameworkset.elasticsearch.ElasticSearchHelper] dslfile.refreshInterval -1 ms
[2024-02-18 09:29:03][INFO][org.frameworkset.elasticsearch.ElasticSearchHelper] dslfile.dslMappingDir null
[2024-02-18 09:29:03][INFO][org.frameworkset.elasticsearch.ElasticSearchHelper] Geo ipinfo config {"ip.database":"","ip.asnDatabase":"","ip.ispConverter":"","ip.ip2regionDatabase":"","ip.cachesize":"10000","ip.serviceUrl":""},from springboot:true
[2024-02-18 09:29:04][INFO][org.frameworkset.elasticsearch.client.ElasticSearchRestClient] ElasticSearch http request endpoint:http://192.168.137.1:9200/demo,retry:0
[2024-02-18 09:29:04][INFO][org.frameworkset.elasticsearch.client.ElasticSearchRestClient] ElasticSearch http request endpoint:http://192.168.137.1:9200/demo?pretty,retry:0
[2024-02-18 09:29:04][INFO][org.frameworkset.elasticsearch.client.ElasticSearchRestClient] ElasticSearch http request endpoint:http://192.168.137.1:9200/demo,retry:0
[2024-02-18 09:29:04][INFO][org.frameworkset.elasticsearch.client.ElasticSearchRestClient] ElasticSearch http request endpoint:http://192.168.137.1:9200/demo/_mapping?pretty,retry:0
[2024-02-18 09:29:04][INFO][org.frameworkset.elasticsearch.client.ElasticSearchRestClient] ElasticSearch http request endpoint:http://192.168.137.1:9200/demo,retry:0,request body:
{
            "settings": {
                "number_of_shards": 6,
                "index.refresh_interval": "5s"
            },
            "mappings": {
                "properties": {
                    "demoId":{
                        "type":"long"
                    },
                    "contentbody": {
                        "type": "text"

                    },
                    "agentStarttime": {
                        "type": "date"
                                             },
                    "agentStarttimezh": {
                            "type": "date",
                             "format":"yyyy-MM-dd HH:mm:ss.SSS||yyyy-MM-dd'T'HH:mm:ss.SSS||yyyy-MM-dd HH:mm:ss||epoch_millis"
                        },
                    "applicationName": {
                        "type": "text",
                        "fields": {                             "keyword": {
                                "type": "keyword"
                            }
                        }
                    },
                    "name": {
                        "type": "text"
                    },
                    "contrastStatus":{
                        "type":"integer"
                    },
                    "orderId": {
                        "type": "text",
                        "fields": {                             "keyword": {
                                "type": "keyword"
                            }
                        }
                    }
                }
            }
        }
[2024-02-18 09:29:04][INFO][org.frameworkset.elasticsearch.client.ElasticSearchRestClient] ElasticSearch http request endpoint:http://192.168.137.1:9200/demo/_mapping?pretty,retry:0
[2024-02-18 09:29:04][INFO][org.frameworkset.elasticsearch.client.ElasticSearchRestClient] ElasticSearch http request endpoint:http://192.168.137.1:9200/demo/_doc/2?routing=1&refresh=true&timeout=100s&wait_for_active_shards=1,retry:0,request body:
{"dynamicPriceTemplate":null,"contentbody":"this-is content body2","agentStarttime":"2024-02-18T01:29:04.908Z","agentStarttimezh":null,"applicationName":"blackcatdemo2","orderId":"NFZF15045871807281445364228","contrastStatus":2,"name":"|刘德华"}
[2024-02-18 09:29:05][INFO][org.frameworkset.elasticsearch.client.ElasticSearchRestClient] ElasticSearch http request endpoint:http://192.168.137.1:9200/demo/_doc/2,retry:0
[2024-02-18 09:29:05][INFO][org.frameworkset.elasticsearch.client.ElasticSearchRestClient] ElasticSearch http request endpoint:http://192.168.137.1:9200/demo/_doc/2,retry:0
[2024-02-18 09:29:05][INFO][org.frameworkset.elasticsearch.client.ElasticSearchRestClient] ElasticSearch http request endpoint:http://192.168.137.1:9200/demo/_doc/2,retry:0,request body:
{"dynamicPriceTemplate":null,"contentbody":"this is modify content body2","agentStarttime":"2024-02-18T01:29:05.028Z","agentStarttimezh":null,"applicationName":"blackcatdemo2","orderId":"NFZF15045871807281445364228","contrastStatus":2,"name":"刘德华modify\t"}
[2024-02-18 09:29:05][INFO][org.frameworkset.elasticsearch.client.ElasticSearchRestClient] ElasticSearch http request endpoint:http://192.168.137.1:9200/demo/_doc/2,retry:0,request body:
{"dynamicPriceTemplate":null,"contentbody":"this is modify content body2","agentStarttime":"2024-02-18T01:29:05.028Z","agentStarttimezh":null,"applicationName":"blackcatdemo2","orderId":"NFZF15045871807281445364228","contrastStatus":2,"name":"刘德华modify\t"}
[2024-02-18 09:29:05][INFO][org.frameworkset.elasticsearch.client.ElasticSearchRestClient] ElasticSearch http request endpoint:http://192.168.137.1:9200/demo/_doc/2,retry:0
[2024-02-18 09:29:05][INFO][org.frameworkset.elasticsearch.client.ElasticSearchRestClient] ElasticSearch http request endpoint:http://192.168.137.1:9200/demo/_doc/2,retry:0
[2024-02-18 09:29:05][INFO][org.frameworkset.elasticsearch.client.ElasticSearchRestClient] ElasticSearch http request endpoint:http://192.168.137.1:9200/_bulk,retry:0,request body:
{ "delete" : { "_index" : "demo", "_id" : "2" } }
{ "delete" : { "_index" : "demo", "_id" : "3" } }

[2024-02-18 09:29:05][INFO][org.frameworkset.elasticsearch.client.ElasticSearchRestClient] ElasticSearch http request endpoint:http://192.168.137.1:9200/_bulk?refresh,retry:0,request body:
{ "index" : { "_index" : "demo", "_id" : 2 } }
{"dynamicPriceTemplate":{"goodsId":2,"goodName":null,"rules":[{"ruleId":"asdfasdfasdf","ruleCount":100,"ruleExist":true},{"ruleId":"bbbb","ruleCount":101,"ruleExist":false},{"ruleId":"ccccc","ruleCount":103,"ruleExist":true}]},"contentbody":"this is content body2","agentStarttime":"2024-02-18T01:29:05.093Z","agentStarttimezh":null,"applicationName":"blackcatdemo2","orderId":"NFZF15045871807281445364228","contrastStatus":2,"name":"刘德\"华\t"}
{ "index" : { "_index" : "demo", "_id" : 3 } }
{"dynamicPriceTemplate":{},"contentbody":"四大\"天王，这种文化很好，中华人民共和国","agentStarttime":"2024-02-18T01:29:05.094Z","agentStarttimezh":null,"applicationName":"blackcatdemo3","orderId":"NFZF15045871807281445364228","contrastStatus":2,"name":"张学友\t\n\r"}

[2024-02-18 09:29:05][INFO][org.frameworkset.elasticsearch.client.ElasticSearchRestClient] ElasticSearch http request endpoint:http://192.168.137.1:9200/demo/_doc/2,retry:0
[2024-02-18 09:29:05][INFO][org.frameworkset.elasticsearch.client.ElasticSearchRestClient] ElasticSearch http request endpoint:http://192.168.137.1:9200/demo/_doc/3,retry:0
[2024-02-18 09:29:05][INFO][org.frameworkset.elasticsearch.client.ElasticSearchRestClient] ElasticSearch http request endpoint:http://192.168.137.1:9200/demo/_doc/3,retry:0
[2024-02-18 09:29:05][INFO][org.frameworkset.elasticsearch.client.ElasticSearchRestClient] ElasticSearch http request endpoint:http://192.168.137.1:9200/demo/_doc/-3,retry:0
[2024-02-18 09:29:05][INFO][org.frameworkset.elasticsearch.client.ElasticSearchRestClient] ElasticSearch http request endpoint:http://192.168.137.1:9200/demo/_doc/-3,retry:0
[2024-02-18 09:29:05][INFO][org.frameworkset.elasticsearch.client.ElasticSearchRestClient] ElasticSearch http request endpoint:http://192.168.137.1:9200/demo/_doc/-3,retry:0
[2024-02-18 09:29:05][INFO][org.frameworkset.elasticsearch.client.ElasticSearchRestClient] ElasticSearch http request endpoint:http://192.168.137.1:9200/demo/_update/3?refresh=true&timeout=100s&wait_for_active_shards=1,retry:0,request body:
 {"doc":{"dynamicPriceTemplate":{},"contentbody":"四大\"天王，这种文化很好，中华人民共和国","agentStarttime":"2024-02-18T01:29:05.094Z","agentStarttimezh":null,"applicationName":"blackcatdemo3","orderId":"NFZF15045871807281445364228","contrastStatus":2,"name":"张学友\t\n\r"},"detect_noop":false,"doc_as_upsert":false,"_source":true}
[2024-02-18 09:29:05][INFO][org.frameworkset.elasticsearch.client.ElasticSearchRestClient] ElasticSearch http request endpoint:http://192.168.137.1:9200/demo/_search,retry:0,request body:
{
            "query": {
                "bool": {
                    "filter": [
                        {                              "terms": {
                                "applicationName.keyword": ["blackcatdemo2","blackcatdemo3"]
                            }
                        },
                        {                               "range": {
                                "agentStarttime": {
                                    "gte": "2017-09-01T16:00:00.000Z",                                    "lt": "2024-02-18T01:29:05.400Z"                                  }
                            }
                        }
                    ]
                }
            },
                        "size":1000,
            "explain":true
        }
[2024-02-18 09:29:05][INFO][org.frameworkset.elasticsearch.client.ElasticSearchRestClient] ElasticSearch http request endpoint:http://192.168.137.1:9200/demo/_count,retry:0,request body:
{
            "query": {
                "bool": {
                    "filter": [
                        {                              "terms": {
                                "applicationName.keyword": ["blackcatdemo2","blackcatdemo3"]
                            }
                        },
                        {                               "range": {
                                "agentStarttime": {
                                    "gte": "2017-09-01T16:00:00.000Z",                                    "lt": "2024-02-18T01:29:05.400Z"                                  }
                            }
                        }
                    ]
                }
            }
                                }
[2024-02-18 09:29:05][INFO][org.frameworkset.elasticsearch.client.ElasticSearchRestClient] ElasticSearch http request endpoint:http://192.168.137.1:9200/demo/_search?scroll=10m,retry:0,request body:
{ "size":5000,"query": {"match_all": {}},"sort": ["_doc"]}
[2024-02-18 09:29:05][INFO][org.frameworkset.elasticsearch.client.ElasticSearchRestClient] ElasticSearch http request endpoint:http://192.168.137.1:9200/_search/scroll,retry:0,request body:
{"scroll" : "10m","scroll_id" : "FGluY2x1ZGVfY29udGV4dF91dWlkDnF1ZXJ5VGhlbkZldGNoBhZLZDJqZzdCRlIxMm1hT0V4NTM1UEpBAAAAAAAAA0EWSnNaMjlUUE9RNUtoXzh1ZmRTcFVDdxZLZDJqZzdCRlIxMm1hT0V4NTM1UEpBAAAAAAAAA0QWSnNaMjlUUE9RNUtoXzh1ZmRTcFVDdxZLZDJqZzdCRlIxMm1hT0V4NTM1UEpBAAAAAAAAA0MWSnNaMjlUUE9RNUtoXzh1ZmRTcFVDdxZLZDJqZzdCRlIxMm1hT0V4NTM1UEpBAAAAAAAAA0IWSnNaMjlUUE9RNUtoXzh1ZmRTcFVDdxZLZDJqZzdCRlIxMm1hT0V4NTM1UEpBAAAAAAAAA0UWSnNaMjlUUE9RNUtoXzh1ZmRTcFVDdxZLZDJqZzdCRlIxMm1hT0V4NTM1UEpBAAAAAAAAA0YWSnNaMjlUUE9RNUtoXzh1ZmRTcFVDdw=="}
[2024-02-18 09:29:05][INFO][org.frameworkset.elasticsearch.client.ElasticSearchRestClient] ElasticSearch http request endpoint:http://192.168.137.1:9200/_search/scroll,retry:0,request body:
{"scroll_id" : ["FGluY2x1ZGVfY29udGV4dF91dWlkDnF1ZXJ5VGhlbkZldGNoBhZLZDJqZzdCRlIxMm1hT0V4NTM1UEpBAAAAAAAAA0EWSnNaMjlUUE9RNUtoXzh1ZmRTcFVDdxZLZDJqZzdCRlIxMm1hT0V4NTM1UEpBAAAAAAAAA0QWSnNaMjlUUE9RNUtoXzh1ZmRTcFVDdxZLZDJqZzdCRlIxMm1hT0V4NTM1UEpBAAAAAAAAA0MWSnNaMjlUUE9RNUtoXzh1ZmRTcFVDdxZLZDJqZzdCRlIxMm1hT0V4NTM1UEpBAAAAAAAAA0IWSnNaMjlUUE9RNUtoXzh1ZmRTcFVDdxZLZDJqZzdCRlIxMm1hT0V4NTM1UEpBAAAAAAAAA0UWSnNaMjlUUE9RNUtoXzh1ZmRTcFVDdxZLZDJqZzdCRlIxMm1hT0V4NTM1UEpBAAAAAAAAA0YWSnNaMjlUUE9RNUtoXzh1ZmRTcFVDdw=="]}
[2024-02-18 09:29:05][INFO][org.frameworkset.elasticsearch.client.ElasticSearchRestClient] ElasticSearch http request endpoint:http://192.168.137.1:9200/_bulk?refresh=true,retry:0,request body:
{ "index" : { "_index" : "demo", "_id" : 2 } }
{"dynamicPriceTemplate":null,"contentbody":"bulk update content body2","agentStarttime":"2024-02-18T01:29:05.441Z","agentStarttimezh":null,"applicationName":"blackcatdemo2","orderId":"NFZF15045871807281445364228","contrastStatus":2,"name":"刘\n德华bulk update "}
{ "index" : { "_index" : "demo", "_id" : 3 } }
{"dynamicPriceTemplate":null,"contentbody":"bulk update 四大天王，这种文化很好，中华人民共和国","agentStarttime":"2024-02-18T01:29:05.441Z","agentStarttimezh":null,"applicationName":"blackcatdemo3","orderId":"NFZF15045871807281445364228","contrastStatus":2,"name":"张学友bulk update "}

[2024-02-18 09:29:05][INFO][org.frameworkset.elasticsearch.client.ElasticSearchRestClient] ElasticSearch http request endpoint:http://192.168.137.1:9200/_bulk?refresh=true,retry:0,request body:
{ "update" : { "_index" : "demo", "_id" : 2 } }
{"doc":{"dynamicPriceTemplate":null,"contentbody":"bulk update content body2","agentStarttime":"2024-02-18T01:29:05.441Z","agentStarttimezh":null,"applicationName":"blackcatdemo2","orderId":"NFZF15045871807281445364228","contrastStatus":2,"name":"刘\n德华bulk update "}}
{ "update" : { "_index" : "demo", "_id" : 3 } }
{"doc":{"dynamicPriceTemplate":null,"contentbody":"bulk update 四大天王，这种文化很好，中华人民共和国","agentStarttime":"2024-02-18T01:29:05.441Z","agentStarttimezh":null,"applicationName":"blackcatdemo3","orderId":"NFZF15045871807281445364228","contrastStatus":3,"name":"张学友bulk update "}}

[2024-02-18 09:29:05][INFO][org.frameworkset.elasticsearch.client.ElasticSearchRestClient] ElasticSearch http request endpoint:http://192.168.137.1:9200/demo/_doc/2,retry:0
[2024-02-18 09:29:05][INFO][org.frameworkset.elasticsearch.client.ElasticSearchRestClient] ElasticSearch http request endpoint:http://192.168.137.1:9200/demo/_doc/3,retry:0
[2024-02-18 09:29:05][INFO][org.frameworkset.elasticsearch.client.ElasticSearchRestClient] ElasticSearch http request endpoint:http://192.168.137.1:9200/demo/_search,retry:0,request body:
{
            "query": {
                "bool": {
                    "filter": [
                        {                              "terms": {
                                "applicationName.keyword": ["blackcatdemo2","blackcatdemo3"]
                            }
                        },
                        {                               "range": {
                                "agentStarttime": {
                                    "gte": "2017-09-01T16:00:00.000Z",                                    "lt": "2024-02-18T01:29:05.597Z"                                  }
                            }
                        }
                    ]
                }
            },
                        "size":1000,
            "explain":true
        }
[2024-02-18 09:29:05][INFO][org.frameworkset.elasticsearch.client.ElasticSearchRestClient] ElasticSearch http request endpoint:http://192.168.137.1:9200/demo/_count,retry:0,request body:
{
            "query": {
                "bool": {
                    "filter": [
                        {                              "terms": {
                                "applicationName.keyword": ["blackcatdemo2","blackcatdemo3"]
                            }
                        },
                        {                               "range": {
                                "agentStarttime": {
                                    "gte": "2017-09-01T16:00:00.000Z",                                    "lt": "2024-02-18T01:29:05.597Z"                                  }
                            }
                        }
                    ]
                }
            }
                                }
[2024-02-18 09:29:05][INFO][org.frameworkset.elasticsearch.client.ElasticSearchRestClient] ElasticSearch http request endpoint:http://192.168.137.1:9200/demo/_search?scroll=10m,retry:0,request body:
{ "size":5000,"query": {"match_all": {}},"sort": ["_doc"]}
[2024-02-18 09:29:05][INFO][org.frameworkset.elasticsearch.client.ElasticSearchRestClient] ElasticSearch http request endpoint:http://192.168.137.1:9200/_search/scroll,retry:0,request body:
{"scroll" : "10m","scroll_id" : "FGluY2x1ZGVfY29udGV4dF91dWlkDnF1ZXJ5VGhlbkZldGNoBhZLZDJqZzdCRlIxMm1hT0V4NTM1UEpBAAAAAAAAA1IWSnNaMjlUUE9RNUtoXzh1ZmRTcFVDdxZLZDJqZzdCRlIxMm1hT0V4NTM1UEpBAAAAAAAAA1EWSnNaMjlUUE9RNUtoXzh1ZmRTcFVDdxZLZDJqZzdCRlIxMm1hT0V4NTM1UEpBAAAAAAAAA1MWSnNaMjlUUE9RNUtoXzh1ZmRTcFVDdxZLZDJqZzdCRlIxMm1hT0V4NTM1UEpBAAAAAAAAA1QWSnNaMjlUUE9RNUtoXzh1ZmRTcFVDdxZLZDJqZzdCRlIxMm1hT0V4NTM1UEpBAAAAAAAAA1UWSnNaMjlUUE9RNUtoXzh1ZmRTcFVDdxZLZDJqZzdCRlIxMm1hT0V4NTM1UEpBAAAAAAAAA1YWSnNaMjlUUE9RNUtoXzh1ZmRTcFVDdw=="}
[2024-02-18 09:29:05][INFO][org.frameworkset.elasticsearch.client.ElasticSearchRestClient] ElasticSearch http request endpoint:http://192.168.137.1:9200/_search/scroll,retry:0,request body:
{"scroll_id" : ["FGluY2x1ZGVfY29udGV4dF91dWlkDnF1ZXJ5VGhlbkZldGNoBhZLZDJqZzdCRlIxMm1hT0V4NTM1UEpBAAAAAAAAA1IWSnNaMjlUUE9RNUtoXzh1ZmRTcFVDdxZLZDJqZzdCRlIxMm1hT0V4NTM1UEpBAAAAAAAAA1EWSnNaMjlUUE9RNUtoXzh1ZmRTcFVDdxZLZDJqZzdCRlIxMm1hT0V4NTM1UEpBAAAAAAAAA1MWSnNaMjlUUE9RNUtoXzh1ZmRTcFVDdxZLZDJqZzdCRlIxMm1hT0V4NTM1UEpBAAAAAAAAA1QWSnNaMjlUUE9RNUtoXzh1ZmRTcFVDdxZLZDJqZzdCRlIxMm1hT0V4NTM1UEpBAAAAAAAAA1UWSnNaMjlUUE9RNUtoXzh1ZmRTcFVDdxZLZDJqZzdCRlIxMm1hT0V4NTM1UEpBAAAAAAAAA1YWSnNaMjlUUE9RNUtoXzh1ZmRTcFVDdw=="]}
[2024-02-18 09:29:05][INFO][org.frameworkset.elasticsearch.client.ElasticSearchRestClient] ElasticSearch http request endpoint:http://192.168.137.1:9200/demo/_search,retry:0,request body:
{
            "query": {
                "bool": {
                    "filter": [
                        {                              "terms": {
                                "applicationName.keyword":["blackcatdemo2","blackcatdemo3"]
                            }
                        },
                        {                               "range": {
                                "agentStarttime": {
                                    "gte": "2017-09-01T16:00:00.000Z",                                    "lt": "2024-02-18T01:29:05.620Z"                                  }
                            }
                        }
                    ]
                }
            },
                        "size":1000
        }
[2024-02-18 09:29:05][INFO][org.frameworkset.elasticsearch.client.ElasticSearchRestClient] ElasticSearch http request endpoint:http://192.168.137.1:9200/demo/_search,retry:0,request body:
{
            "query": {
                "bool": {
                    "filter": [
                        {                              "terms": {
                                "applicationName.keyword": ["blackcatdemo2","blackcatdemo3"]
                            }
                        },
                        {                               "range": {
                                "agentStarttime": {
                                    "gte": "2017-09-01T16:00:00.000Z",                                    "lt": "2024-02-18T01:29:05.624Z"                                  }
                            }
                        }
                    ]
                }
            },
                        "from":0,
                        "size":1000
        }
[2024-02-18 09:29:05][INFO][org.frameworkset.elasticsearch.client.ElasticSearchRestClient] ElasticSearch http request endpoint:http://192.168.137.1:9200/demo/_search,retry:0,request body:
{
                     "_source": {
                                     "includes": ["agentStarttime","applicationName"]
                    ,                                                       "excludes": ["contentbody","demoId"]
                            },
                    "query": {
                "bool": {
                    "filter": [
                                             {                              "terms": {
                                "applicationName.keyword":["blackcatdemo2","blackcatdemo3"]
                            }
                        },
                                            {                               "range": {
                                "agentStarttime": {
                                    "gte": "2017-09-01T16:00:00.000Z",                                    "lt": "2024-02-18T01:29:05.636Z"                                  }
                            }
                        }
                    ]
                }
            },
                        "size":1000
        }
[2024-02-18 09:29:05][INFO][org.frameworkset.elasticsearch.client.ElasticSearchRestClient] ElasticSearch http request endpoint:http://192.168.137.1:9200/demo/_mapping,retry:0,request body:
{
          "properties": {
            "email": {
              "type": "keyword"
            }
          }
        }
[2024-02-18 09:29:05][INFO][org.frameworkset.elasticsearch.client.ElasticSearchRestClient] ElasticSearch http request endpoint:http://192.168.137.1:9200/demo/_mapping?pretty,retry:0
[2024-02-18 09:29:05][INFO][org.frameworkset.elasticsearch.client.ElasticSearchRestClient] ElasticSearch http request endpoint:http://192.168.137.1:9200/_bulk?refresh=true,retry:0,request body:
{ "index" : { "_index" : "demo", "_id" : 0 } }
{"dynamicPriceTemplate":null,"contentbody":"this is content body0","agentStarttime":"2024-02-18T01:29:05.743Z","agentStarttimezh":null,"applicationName":"blackcatdemo0","orderId":"NFZF15045871807281445364228","contrastStatus":2,"name":"刘德华喜欢唱歌0"}
{ "index" : { "_index" : "demo", "_id" : 1 } }
{"dynamicPriceTemplate":null,"contentbody":"this is content body1","agentStarttime":"2024-02-18T01:29:05.743Z","agentStarttimezh":null,"applicationName":"blackcatdemo1","orderId":"NFZF15045871807281445364228","contrastStatus":2,"name":"张学友不喜欢唱歌1"}
{ "index" : { "_index" : "demo", "_id" : 2 } }
{"dynamicPriceTemplate":null,"contentbody":"this is content body2","agentStarttime":"2024-02-18T01:29:05.743Z","agentStarttimezh":null,"applicationName":"blackcatdemo2","orderId":"NFZF15045871807281445364228","contrastStatus":2,"name":"刘德华喜欢唱歌2"}
{ "index" : { "_index" : "demo", "_id" : 3 } }
{"dynamicPriceTemplate":null,"contentbody":"this is content body3","agentStarttime":"2024-02-18T01:29:05.743Z","agentStarttimezh":null,"applicationName":"blackcatdemo3","orderId":"NFZF15045871807281445364228","contrastStatus":2,"name":"张学友不喜欢唱歌3"}
{ "index" : { "_index" : "demo", "_id" : 4 } }
{"dynamicPriceTemplate":null,"contentbody":"this is content body4","agentStarttime":"2024-02-18T01:29:05.743Z","agentStarttimezh":null,"applicationName":"blackcatdemo4","orderId":"NFZF15045871807281445364228","contrastStatus":2,"name":"刘德华喜欢唱歌4"}
{ "index" : { "_index" : "demo", "_id" : 5 } }
{"dynamicPriceTemplate":null,"contentbody":"this is content body5","agentStarttime":"2024-02-18T01:29:05.743Z","agentStarttimezh":null,"applicationName":"blackcatdemo5","orderId":"NFZF15045871807281445364228","contrastStatus":2,"name":"张学友不喜欢唱歌5"}
{ "index" : { "_index" : "demo", "_id" : 6 } }
{"dynamicPriceTemplate":null,"contentbody":"this is content body6","agentStarttime":"2024-02-18T01:29:05.743Z","agentStarttimezh":null,"applicationName":"blackcatdemo6","orderId":"NFZF15045871807281445364228","contrastStatus":2,"name":"刘德华喜欢唱歌6"}
{ "index" : { "_index" : "demo", "_id" : 7 } }
{"dynamicPriceTemplate":null,"contentbody":"this is content body7","agentStarttime":"2024-02-18T01:29:05.743Z","agentStarttimezh":null,"applicationName":"blackcatdemo7","orderId":"NFZF15045871807281445364228","contrastStatus":2,"name":"张学友不喜欢唱歌7"}
{ "index" : { "_index" : "demo", "_id" : 8 } }
{"dynamicPriceTemplate":null,"contentbody":"this is content body8","agentStarttime":"2024-02-18T01:29:05.743Z","agentStarttimezh":null,"applicationName":"blackcatdemo8","orderId":"NFZF15045871807281445364228","contrastStatus":2,"name":"刘德华喜欢唱歌8"}
{ "index" : { "_index" : "demo", "_id" : 9 } }
{"dynamicPriceTemplate":null,"contentbody":"this is content body9","agentStarttime":"2024-02-18T01:29:05.743Z","agentStarttimezh":null,"applicationName":"blackcatdemo9","orderId":"NFZF15045871807281445364228","contrastStatus":2,"name":"张学友不喜欢唱歌9"}

[2024-02-18 09:29:05][INFO][org.frameworkset.elasticsearch.client.ElasticSearchRestClient] ElasticSearch http request endpoint:http://192.168.137.1:9200/demo/_search,retry:0,request body:
{"size":1000,"query": {"match_all": {}}}
[2024-02-18 09:29:05][INFO][org.frameworkset.elasticsearch.client.ElasticSearchRestClient] ElasticSearch http request endpoint:http://192.168.137.1:9200/demo/_search?scroll=1m,retry:0,request body:
{"size":1000,"query": {"match_all": {}}}
[2024-02-18 09:29:05][INFO][org.frameworkset.elasticsearch.client.ElasticSearchRestClient] ElasticSearch http request endpoint:http://192.168.137.1:9200/_search/scroll,retry:0,request body:
{"scroll" : "1m","scroll_id" : "FGluY2x1ZGVfY29udGV4dF91dWlkDnF1ZXJ5VGhlbkZldGNoBhZLZDJqZzdCRlIxMm1hT0V4NTM1UEpBAAAAAAAAA20WSnNaMjlUUE9RNUtoXzh1ZmRTcFVDdxZLZDJqZzdCRlIxMm1hT0V4NTM1UEpBAAAAAAAAA2wWSnNaMjlUUE9RNUtoXzh1ZmRTcFVDdxZLZDJqZzdCRlIxMm1hT0V4NTM1UEpBAAAAAAAAA24WSnNaMjlUUE9RNUtoXzh1ZmRTcFVDdxZLZDJqZzdCRlIxMm1hT0V4NTM1UEpBAAAAAAAAA28WSnNaMjlUUE9RNUtoXzh1ZmRTcFVDdxZLZDJqZzdCRlIxMm1hT0V4NTM1UEpBAAAAAAAAA3AWSnNaMjlUUE9RNUtoXzh1ZmRTcFVDdxZLZDJqZzdCRlIxMm1hT0V4NTM1UEpBAAAAAAAAA3EWSnNaMjlUUE9RNUtoXzh1ZmRTcFVDdw=="}
[2024-02-18 09:29:05][INFO][org.frameworkset.elasticsearch.client.ElasticSearchRestClient] ElasticSearch http request endpoint:http://192.168.137.1:9200/_search/scroll,retry:0,request body:
{"scroll_id" : ["FGluY2x1ZGVfY29udGV4dF91dWlkDnF1ZXJ5VGhlbkZldGNoBhZLZDJqZzdCRlIxMm1hT0V4NTM1UEpBAAAAAAAAA20WSnNaMjlUUE9RNUtoXzh1ZmRTcFVDdxZLZDJqZzdCRlIxMm1hT0V4NTM1UEpBAAAAAAAAA2wWSnNaMjlUUE9RNUtoXzh1ZmRTcFVDdxZLZDJqZzdCRlIxMm1hT0V4NTM1UEpBAAAAAAAAA24WSnNaMjlUUE9RNUtoXzh1ZmRTcFVDdxZLZDJqZzdCRlIxMm1hT0V4NTM1UEpBAAAAAAAAA28WSnNaMjlUUE9RNUtoXzh1ZmRTcFVDdxZLZDJqZzdCRlIxMm1hT0V4NTM1UEpBAAAAAAAAA3AWSnNaMjlUUE9RNUtoXzh1ZmRTcFVDdxZLZDJqZzdCRlIxMm1hT0V4NTM1UEpBAAAAAAAAA3EWSnNaMjlUUE9RNUtoXzh1ZmRTcFVDdw=="]}
[2024-02-18 09:29:05][INFO][org.frameworkset.elasticsearch.client.ElasticSearchRestClient] ElasticSearch http request endpoint:http://192.168.137.1:9200/demo/_search?scroll=1m,retry:0,request body:
{
           "slice": {
                "id": 0,                 "max": 6             },
            "size":1000,
            "query": {"match_all": {}},
            "sort": [
                "_doc"
            ]
        }
[2024-02-18 09:29:05][INFO][org.frameworkset.elasticsearch.client.ElasticSearchRestClient] ElasticSearch http request endpoint:http://192.168.137.1:9200/_search/scroll,retry:0,request body:
{"scroll" : "1m","scroll_id" : "FGluY2x1ZGVfY29udGV4dF91dWlkDnF1ZXJ5VGhlbkZldGNoBhZLZDJqZzdCRlIxMm1hT0V4NTM1UEpBAAAAAAAAA3IWSnNaMjlUUE9RNUtoXzh1ZmRTcFVDdxZLZDJqZzdCRlIxMm1hT0V4NTM1UEpBAAAAAAAAA3MWSnNaMjlUUE9RNUtoXzh1ZmRTcFVDdxZLZDJqZzdCRlIxMm1hT0V4NTM1UEpBAAAAAAAAA3QWSnNaMjlUUE9RNUtoXzh1ZmRTcFVDdxZLZDJqZzdCRlIxMm1hT0V4NTM1UEpBAAAAAAAAA3UWSnNaMjlUUE9RNUtoXzh1ZmRTcFVDdxZLZDJqZzdCRlIxMm1hT0V4NTM1UEpBAAAAAAAAA3YWSnNaMjlUUE9RNUtoXzh1ZmRTcFVDdxZLZDJqZzdCRlIxMm1hT0V4NTM1UEpBAAAAAAAAA3cWSnNaMjlUUE9RNUtoXzh1ZmRTcFVDdw=="}
[2024-02-18 09:29:05][INFO][org.frameworkset.elasticsearch.client.ElasticSearchRestClient] ElasticSearch http request endpoint:http://192.168.137.1:9200/_search/scroll,retry:0,request body:
{"scroll_id" : ["FGluY2x1ZGVfY29udGV4dF91dWlkDnF1ZXJ5VGhlbkZldGNoBhZLZDJqZzdCRlIxMm1hT0V4NTM1UEpBAAAAAAAAA3IWSnNaMjlUUE9RNUtoXzh1ZmRTcFVDdxZLZDJqZzdCRlIxMm1hT0V4NTM1UEpBAAAAAAAAA3MWSnNaMjlUUE9RNUtoXzh1ZmRTcFVDdxZLZDJqZzdCRlIxMm1hT0V4NTM1UEpBAAAAAAAAA3QWSnNaMjlUUE9RNUtoXzh1ZmRTcFVDdxZLZDJqZzdCRlIxMm1hT0V4NTM1UEpBAAAAAAAAA3UWSnNaMjlUUE9RNUtoXzh1ZmRTcFVDdxZLZDJqZzdCRlIxMm1hT0V4NTM1UEpBAAAAAAAAA3YWSnNaMjlUUE9RNUtoXzh1ZmRTcFVDdxZLZDJqZzdCRlIxMm1hT0V4NTM1UEpBAAAAAAAAA3cWSnNaMjlUUE9RNUtoXzh1ZmRTcFVDdw=="]}
[2024-02-18 09:29:05][INFO][org.frameworkset.elasticsearch.client.ElasticSearchRestClient] ElasticSearch http request endpoint:http://192.168.137.1:9200/demo/_search?scroll=1m,retry:0,request body:
{
           "slice": {
                "id": 1,                 "max": 6             },
            "size":1000,
            "query": {"match_all": {}},
            "sort": [
                "_doc"
            ]
        }
[2024-02-18 09:29:05][INFO][org.frameworkset.elasticsearch.client.ElasticSearchRestClient] ElasticSearch http request endpoint:http://192.168.137.1:9200/_search/scroll,retry:0,request body:
{"scroll" : "1m","scroll_id" : "FGluY2x1ZGVfY29udGV4dF91dWlkDnF1ZXJ5VGhlbkZldGNoBhZLZDJqZzdCRlIxMm1hT0V4NTM1UEpBAAAAAAAAA3gWSnNaMjlUUE9RNUtoXzh1ZmRTcFVDdxZLZDJqZzdCRlIxMm1hT0V4NTM1UEpBAAAAAAAAA3kWSnNaMjlUUE9RNUtoXzh1ZmRTcFVDdxZLZDJqZzdCRlIxMm1hT0V4NTM1UEpBAAAAAAAAA3oWSnNaMjlUUE9RNUtoXzh1ZmRTcFVDdxZLZDJqZzdCRlIxMm1hT0V4NTM1UEpBAAAAAAAAA3sWSnNaMjlUUE9RNUtoXzh1ZmRTcFVDdxZLZDJqZzdCRlIxMm1hT0V4NTM1UEpBAAAAAAAAA3wWSnNaMjlUUE9RNUtoXzh1ZmRTcFVDdxZLZDJqZzdCRlIxMm1hT0V4NTM1UEpBAAAAAAAAA30WSnNaMjlUUE9RNUtoXzh1ZmRTcFVDdw=="}
[2024-02-18 09:29:05][INFO][org.frameworkset.elasticsearch.client.ElasticSearchRestClient] ElasticSearch http request endpoint:http://192.168.137.1:9200/_search/scroll,retry:0,request body:
{"scroll_id" : ["FGluY2x1ZGVfY29udGV4dF91dWlkDnF1ZXJ5VGhlbkZldGNoBhZLZDJqZzdCRlIxMm1hT0V4NTM1UEpBAAAAAAAAA3gWSnNaMjlUUE9RNUtoXzh1ZmRTcFVDdxZLZDJqZzdCRlIxMm1hT0V4NTM1UEpBAAAAAAAAA3kWSnNaMjlUUE9RNUtoXzh1ZmRTcFVDdxZLZDJqZzdCRlIxMm1hT0V4NTM1UEpBAAAAAAAAA3oWSnNaMjlUUE9RNUtoXzh1ZmRTcFVDdxZLZDJqZzdCRlIxMm1hT0V4NTM1UEpBAAAAAAAAA3sWSnNaMjlUUE9RNUtoXzh1ZmRTcFVDdxZLZDJqZzdCRlIxMm1hT0V4NTM1UEpBAAAAAAAAA3wWSnNaMjlUUE9RNUtoXzh1ZmRTcFVDdxZLZDJqZzdCRlIxMm1hT0V4NTM1UEpBAAAAAAAAA30WSnNaMjlUUE9RNUtoXzh1ZmRTcFVDdw=="]}
[2024-02-18 09:29:05][INFO][org.frameworkset.elasticsearch.client.ElasticSearchRestClient] ElasticSearch http request endpoint:http://192.168.137.1:9200/demo/_search?scroll=1m,retry:0,request body:
{
           "slice": {
                "id": 2,                 "max": 6             },
            "size":1000,
            "query": {"match_all": {}},
            "sort": [
                "_doc"
            ]
        }
[2024-02-18 09:29:05][INFO][org.frameworkset.elasticsearch.client.ElasticSearchRestClient] ElasticSearch http request endpoint:http://192.168.137.1:9200/_search/scroll,retry:0,request body:
{"scroll" : "1m","scroll_id" : "FGluY2x1ZGVfY29udGV4dF91dWlkDnF1ZXJ5VGhlbkZldGNoBhZLZDJqZzdCRlIxMm1hT0V4NTM1UEpBAAAAAAAAA34WSnNaMjlUUE9RNUtoXzh1ZmRTcFVDdxZLZDJqZzdCRlIxMm1hT0V4NTM1UEpBAAAAAAAAA38WSnNaMjlUUE9RNUtoXzh1ZmRTcFVDdxZLZDJqZzdCRlIxMm1hT0V4NTM1UEpBAAAAAAAAA4AWSnNaMjlUUE9RNUtoXzh1ZmRTcFVDdxZLZDJqZzdCRlIxMm1hT0V4NTM1UEpBAAAAAAAAA4EWSnNaMjlUUE9RNUtoXzh1ZmRTcFVDdxZLZDJqZzdCRlIxMm1hT0V4NTM1UEpBAAAAAAAAA4IWSnNaMjlUUE9RNUtoXzh1ZmRTcFVDdxZLZDJqZzdCRlIxMm1hT0V4NTM1UEpBAAAAAAAAA4MWSnNaMjlUUE9RNUtoXzh1ZmRTcFVDdw=="}
[2024-02-18 09:29:05][INFO][org.frameworkset.elasticsearch.client.ElasticSearchRestClient] ElasticSearch http request endpoint:http://192.168.137.1:9200/_search/scroll,retry:0,request body:
{"scroll_id" : ["FGluY2x1ZGVfY29udGV4dF91dWlkDnF1ZXJ5VGhlbkZldGNoBhZLZDJqZzdCRlIxMm1hT0V4NTM1UEpBAAAAAAAAA34WSnNaMjlUUE9RNUtoXzh1ZmRTcFVDdxZLZDJqZzdCRlIxMm1hT0V4NTM1UEpBAAAAAAAAA38WSnNaMjlUUE9RNUtoXzh1ZmRTcFVDdxZLZDJqZzdCRlIxMm1hT0V4NTM1UEpBAAAAAAAAA4AWSnNaMjlUUE9RNUtoXzh1ZmRTcFVDdxZLZDJqZzdCRlIxMm1hT0V4NTM1UEpBAAAAAAAAA4EWSnNaMjlUUE9RNUtoXzh1ZmRTcFVDdxZLZDJqZzdCRlIxMm1hT0V4NTM1UEpBAAAAAAAAA4IWSnNaMjlUUE9RNUtoXzh1ZmRTcFVDdxZLZDJqZzdCRlIxMm1hT0V4NTM1UEpBAAAAAAAAA4MWSnNaMjlUUE9RNUtoXzh1ZmRTcFVDdw=="]}
[2024-02-18 09:29:05][INFO][org.frameworkset.elasticsearch.client.ElasticSearchRestClient] ElasticSearch http request endpoint:http://192.168.137.1:9200/demo/_search?scroll=1m,retry:0,request body:
{
           "slice": {
                "id": 3,                 "max": 6             },
            "size":1000,
            "query": {"match_all": {}},
            "sort": [
                "_doc"
            ]
        }
[2024-02-18 09:29:05][INFO][org.frameworkset.elasticsearch.client.ElasticSearchRestClient] ElasticSearch http request endpoint:http://192.168.137.1:9200/_search/scroll,retry:0,request body:
{"scroll" : "1m","scroll_id" : "FGluY2x1ZGVfY29udGV4dF91dWlkDnF1ZXJ5VGhlbkZldGNoBhZLZDJqZzdCRlIxMm1hT0V4NTM1UEpBAAAAAAAAA4QWSnNaMjlUUE9RNUtoXzh1ZmRTcFVDdxZLZDJqZzdCRlIxMm1hT0V4NTM1UEpBAAAAAAAAA4UWSnNaMjlUUE9RNUtoXzh1ZmRTcFVDdxZLZDJqZzdCRlIxMm1hT0V4NTM1UEpBAAAAAAAAA4YWSnNaMjlUUE9RNUtoXzh1ZmRTcFVDdxZLZDJqZzdCRlIxMm1hT0V4NTM1UEpBAAAAAAAAA4cWSnNaMjlUUE9RNUtoXzh1ZmRTcFVDdxZLZDJqZzdCRlIxMm1hT0V4NTM1UEpBAAAAAAAAA4gWSnNaMjlUUE9RNUtoXzh1ZmRTcFVDdxZLZDJqZzdCRlIxMm1hT0V4NTM1UEpBAAAAAAAAA4kWSnNaMjlUUE9RNUtoXzh1ZmRTcFVDdw=="}
[2024-02-18 09:29:05][INFO][org.frameworkset.elasticsearch.client.ElasticSearchRestClient] ElasticSearch http request endpoint:http://192.168.137.1:9200/_search/scroll,retry:0,request body:
{"scroll_id" : ["FGluY2x1ZGVfY29udGV4dF91dWlkDnF1ZXJ5VGhlbkZldGNoBhZLZDJqZzdCRlIxMm1hT0V4NTM1UEpBAAAAAAAAA4QWSnNaMjlUUE9RNUtoXzh1ZmRTcFVDdxZLZDJqZzdCRlIxMm1hT0V4NTM1UEpBAAAAAAAAA4UWSnNaMjlUUE9RNUtoXzh1ZmRTcFVDdxZLZDJqZzdCRlIxMm1hT0V4NTM1UEpBAAAAAAAAA4YWSnNaMjlUUE9RNUtoXzh1ZmRTcFVDdxZLZDJqZzdCRlIxMm1hT0V4NTM1UEpBAAAAAAAAA4cWSnNaMjlUUE9RNUtoXzh1ZmRTcFVDdxZLZDJqZzdCRlIxMm1hT0V4NTM1UEpBAAAAAAAAA4gWSnNaMjlUUE9RNUtoXzh1ZmRTcFVDdxZLZDJqZzdCRlIxMm1hT0V4NTM1UEpBAAAAAAAAA4kWSnNaMjlUUE9RNUtoXzh1ZmRTcFVDdw=="]}
[2024-02-18 09:29:05][INFO][org.frameworkset.elasticsearch.client.ElasticSearchRestClient] ElasticSearch http request endpoint:http://192.168.137.1:9200/demo/_search?scroll=1m,retry:0,request body:
{
           "slice": {
                "id": 4,                 "max": 6             },
            "size":1000,
            "query": {"match_all": {}},
            "sort": [
                "_doc"
            ]
        }
[2024-02-18 09:29:05][INFO][org.frameworkset.elasticsearch.client.ElasticSearchRestClient] ElasticSearch http request endpoint:http://192.168.137.1:9200/_search/scroll,retry:0,request body:
{"scroll" : "1m","scroll_id" : "FGluY2x1ZGVfY29udGV4dF91dWlkDnF1ZXJ5VGhlbkZldGNoBhZLZDJqZzdCRlIxMm1hT0V4NTM1UEpBAAAAAAAAA4oWSnNaMjlUUE9RNUtoXzh1ZmRTcFVDdxZLZDJqZzdCRlIxMm1hT0V4NTM1UEpBAAAAAAAAA4sWSnNaMjlUUE9RNUtoXzh1ZmRTcFVDdxZLZDJqZzdCRlIxMm1hT0V4NTM1UEpBAAAAAAAAA4wWSnNaMjlUUE9RNUtoXzh1ZmRTcFVDdxZLZDJqZzdCRlIxMm1hT0V4NTM1UEpBAAAAAAAAA40WSnNaMjlUUE9RNUtoXzh1ZmRTcFVDdxZLZDJqZzdCRlIxMm1hT0V4NTM1UEpBAAAAAAAAA44WSnNaMjlUUE9RNUtoXzh1ZmRTcFVDdxZLZDJqZzdCRlIxMm1hT0V4NTM1UEpBAAAAAAAAA48WSnNaMjlUUE9RNUtoXzh1ZmRTcFVDdw=="}
[2024-02-18 09:29:05][INFO][org.frameworkset.elasticsearch.client.ElasticSearchRestClient] ElasticSearch http request endpoint:http://192.168.137.1:9200/_search/scroll,retry:0,request body:
{"scroll_id" : ["FGluY2x1ZGVfY29udGV4dF91dWlkDnF1ZXJ5VGhlbkZldGNoBhZLZDJqZzdCRlIxMm1hT0V4NTM1UEpBAAAAAAAAA4oWSnNaMjlUUE9RNUtoXzh1ZmRTcFVDdxZLZDJqZzdCRlIxMm1hT0V4NTM1UEpBAAAAAAAAA4sWSnNaMjlUUE9RNUtoXzh1ZmRTcFVDdxZLZDJqZzdCRlIxMm1hT0V4NTM1UEpBAAAAAAAAA4wWSnNaMjlUUE9RNUtoXzh1ZmRTcFVDdxZLZDJqZzdCRlIxMm1hT0V4NTM1UEpBAAAAAAAAA40WSnNaMjlUUE9RNUtoXzh1ZmRTcFVDdxZLZDJqZzdCRlIxMm1hT0V4NTM1UEpBAAAAAAAAA44WSnNaMjlUUE9RNUtoXzh1ZmRTcFVDdxZLZDJqZzdCRlIxMm1hT0V4NTM1UEpBAAAAAAAAA48WSnNaMjlUUE9RNUtoXzh1ZmRTcFVDdw=="]}
[2024-02-18 09:29:05][INFO][org.frameworkset.elasticsearch.client.ElasticSearchRestClient] ElasticSearch http request endpoint:http://192.168.137.1:9200/demo/_search?scroll=1m,retry:0,request body:
{
           "slice": {
                "id": 5,                 "max": 6             },
            "size":1000,
            "query": {"match_all": {}},
            "sort": [
                "_doc"
            ]
        }
[2024-02-18 09:29:05][INFO][org.frameworkset.elasticsearch.client.ElasticSearchRestClient] ElasticSearch http request endpoint:http://192.168.137.1:9200/_search/scroll,retry:0,request body:
{"scroll" : "1m","scroll_id" : "FGluY2x1ZGVfY29udGV4dF91dWlkDnF1ZXJ5VGhlbkZldGNoBhZLZDJqZzdCRlIxMm1hT0V4NTM1UEpBAAAAAAAAA5AWSnNaMjlUUE9RNUtoXzh1ZmRTcFVDdxZLZDJqZzdCRlIxMm1hT0V4NTM1UEpBAAAAAAAAA5EWSnNaMjlUUE9RNUtoXzh1ZmRTcFVDdxZLZDJqZzdCRlIxMm1hT0V4NTM1UEpBAAAAAAAAA5IWSnNaMjlUUE9RNUtoXzh1ZmRTcFVDdxZLZDJqZzdCRlIxMm1hT0V4NTM1UEpBAAAAAAAAA5MWSnNaMjlUUE9RNUtoXzh1ZmRTcFVDdxZLZDJqZzdCRlIxMm1hT0V4NTM1UEpBAAAAAAAAA5QWSnNaMjlUUE9RNUtoXzh1ZmRTcFVDdxZLZDJqZzdCRlIxMm1hT0V4NTM1UEpBAAAAAAAAA5UWSnNaMjlUUE9RNUtoXzh1ZmRTcFVDdw=="}
[2024-02-18 09:29:05][INFO][org.frameworkset.elasticsearch.client.ElasticSearchRestClient] ElasticSearch http request endpoint:http://192.168.137.1:9200/_search/scroll,retry:0,request body:
{"scroll_id" : ["FGluY2x1ZGVfY29udGV4dF91dWlkDnF1ZXJ5VGhlbkZldGNoBhZLZDJqZzdCRlIxMm1hT0V4NTM1UEpBAAAAAAAAA5AWSnNaMjlUUE9RNUtoXzh1ZmRTcFVDdxZLZDJqZzdCRlIxMm1hT0V4NTM1UEpBAAAAAAAAA5EWSnNaMjlUUE9RNUtoXzh1ZmRTcFVDdxZLZDJqZzdCRlIxMm1hT0V4NTM1UEpBAAAAAAAAA5IWSnNaMjlUUE9RNUtoXzh1ZmRTcFVDdxZLZDJqZzdCRlIxMm1hT0V4NTM1UEpBAAAAAAAAA5MWSnNaMjlUUE9RNUtoXzh1ZmRTcFVDdxZLZDJqZzdCRlIxMm1hT0V4NTM1UEpBAAAAAAAAA5QWSnNaMjlUUE9RNUtoXzh1ZmRTcFVDdxZLZDJqZzdCRlIxMm1hT0V4NTM1UEpBAAAAAAAAA5UWSnNaMjlUUE9RNUtoXzh1ZmRTcFVDdw=="]}
[2024-02-18 09:29:05][INFO][org.frameworkset.elasticsearch.client.ElasticSearchRestClient] ElasticSearch http request endpoint:http://192.168.137.1:9200/demo/_search?scroll=1m,retry:0,request body:
{
           "slice": {
                "id": 0,                 "max": 6             },
            "size":1000,
            "query": {"match_all": {}},
            "sort": [
                "_doc"
            ]
        }
[2024-02-18 09:29:05][INFO][org.frameworkset.elasticsearch.client.ElasticSearchRestClient] ElasticSearch http request endpoint:http://192.168.137.1:9200/demo/_search?scroll=1m,retry:0,request body:
{
           "slice": {
                "id": 2,                 "max": 6             },
            "size":1000,
            "query": {"match_all": {}},
            "sort": [
                "_doc"
            ]
        }
[2024-02-18 09:29:05][INFO][org.frameworkset.elasticsearch.client.ElasticSearchRestClient] ElasticSearch http request endpoint:http://192.168.137.1:9200/demo/_search?scroll=1m,retry:0,request body:
{
           "slice": {
                "id": 1,                 "max": 6             },
            "size":1000,
            "query": {"match_all": {}},
            "sort": [
                "_doc"
            ]
        }
[2024-02-18 09:29:05][INFO][org.frameworkset.elasticsearch.client.ElasticSearchRestClient] ElasticSearch http request endpoint:http://192.168.137.1:9200/demo/_search?scroll=1m,retry:0,request body:
{
           "slice": {
                "id": 4,                 "max": 6             },
            "size":1000,
            "query": {"match_all": {}},
            "sort": [
                "_doc"
            ]
        }
[2024-02-18 09:29:05][INFO][org.frameworkset.elasticsearch.client.ElasticSearchRestClient] ElasticSearch http request endpoint:http://192.168.137.1:9200/demo/_search?scroll=1m,retry:0,request body:
{
           "slice": {
                "id": 3,                 "max": 6             },
            "size":1000,
            "query": {"match_all": {}},
            "sort": [
                "_doc"
            ]
        }
[2024-02-18 09:29:05][INFO][org.frameworkset.elasticsearch.client.ElasticSearchRestClient] ElasticSearch http request endpoint:http://192.168.137.1:9200/demo/_search?scroll=1m,retry:0,request body:
{
           "slice": {
                "id": 5,                 "max": 6             },
            "size":1000,
            "query": {"match_all": {}},
            "sort": [
                "_doc"
            ]
        }
[2024-02-18 09:29:05][INFO][org.frameworkset.elasticsearch.client.ElasticSearchRestClient] ElasticSearch http request endpoint:http://192.168.137.1:9200/_search/scroll,retry:0,request body:
{"scroll" : "1m","scroll_id" : "FGluY2x1ZGVfY29udGV4dF91dWlkDnF1ZXJ5VGhlbkZldGNoBhZLZDJqZzdCRlIxMm1hT0V4NTM1UEpBAAAAAAAAA64WSnNaMjlUUE9RNUtoXzh1ZmRTcFVDdxZLZDJqZzdCRlIxMm1hT0V4NTM1UEpBAAAAAAAAA68WSnNaMjlUUE9RNUtoXzh1ZmRTcFVDdxZLZDJqZzdCRlIxMm1hT0V4NTM1UEpBAAAAAAAAA7AWSnNaMjlUUE9RNUtoXzh1ZmRTcFVDdxZLZDJqZzdCRlIxMm1hT0V4NTM1UEpBAAAAAAAAA7EWSnNaMjlUUE9RNUtoXzh1ZmRTcFVDdxZLZDJqZzdCRlIxMm1hT0V4NTM1UEpBAAAAAAAAA7IWSnNaMjlUUE9RNUtoXzh1ZmRTcFVDdxZLZDJqZzdCRlIxMm1hT0V4NTM1UEpBAAAAAAAAA7MWSnNaMjlUUE9RNUtoXzh1ZmRTcFVDdw=="}
[2024-02-18 09:29:05][INFO][org.frameworkset.elasticsearch.client.ElasticSearchRestClient] ElasticSearch http request endpoint:http://192.168.137.1:9200/_search/scroll,retry:0,request body:
{"scroll" : "1m","scroll_id" : "FGluY2x1ZGVfY29udGV4dF91dWlkDnF1ZXJ5VGhlbkZldGNoBhZLZDJqZzdCRlIxMm1hT0V4NTM1UEpBAAAAAAAAA5YWSnNaMjlUUE9RNUtoXzh1ZmRTcFVDdxZLZDJqZzdCRlIxMm1hT0V4NTM1UEpBAAAAAAAAA5kWSnNaMjlUUE9RNUtoXzh1ZmRTcFVDdxZLZDJqZzdCRlIxMm1hT0V4NTM1UEpBAAAAAAAAA5cWSnNaMjlUUE9RNUtoXzh1ZmRTcFVDdxZLZDJqZzdCRlIxMm1hT0V4NTM1UEpBAAAAAAAAA5gWSnNaMjlUUE9RNUtoXzh1ZmRTcFVDdxZLZDJqZzdCRlIxMm1hT0V4NTM1UEpBAAAAAAAAA5oWSnNaMjlUUE9RNUtoXzh1ZmRTcFVDdxZLZDJqZzdCRlIxMm1hT0V4NTM1UEpBAAAAAAAAA6UWSnNaMjlUUE9RNUtoXzh1ZmRTcFVDdw=="}
[2024-02-18 09:29:05][INFO][org.frameworkset.elasticsearch.client.ElasticSearchRestClient] ElasticSearch http request endpoint:http://192.168.137.1:9200/_search/scroll,retry:0,request body:
{"scroll" : "1m","scroll_id" : "FGluY2x1ZGVfY29udGV4dF91dWlkDnF1ZXJ5VGhlbkZldGNoBhZLZDJqZzdCRlIxMm1hT0V4NTM1UEpBAAAAAAAAA6gWSnNaMjlUUE9RNUtoXzh1ZmRTcFVDdxZLZDJqZzdCRlIxMm1hT0V4NTM1UEpBAAAAAAAAA6kWSnNaMjlUUE9RNUtoXzh1ZmRTcFVDdxZLZDJqZzdCRlIxMm1hT0V4NTM1UEpBAAAAAAAAA6oWSnNaMjlUUE9RNUtoXzh1ZmRTcFVDdxZLZDJqZzdCRlIxMm1hT0V4NTM1UEpBAAAAAAAAA6sWSnNaMjlUUE9RNUtoXzh1ZmRTcFVDdxZLZDJqZzdCRlIxMm1hT0V4NTM1UEpBAAAAAAAAA6wWSnNaMjlUUE9RNUtoXzh1ZmRTcFVDdxZLZDJqZzdCRlIxMm1hT0V4NTM1UEpBAAAAAAAAA60WSnNaMjlUUE9RNUtoXzh1ZmRTcFVDdw=="}
[2024-02-18 09:29:05][INFO][org.frameworkset.elasticsearch.client.ElasticSearchRestClient] ElasticSearch http request endpoint:http://192.168.137.1:9200/_search/scroll,retry:0,request body:
{"scroll" : "1m","scroll_id" : "FGluY2x1ZGVfY29udGV4dF91dWlkDnF1ZXJ5VGhlbkZldGNoBhZLZDJqZzdCRlIxMm1hT0V4NTM1UEpBAAAAAAAAA5sWSnNaMjlUUE9RNUtoXzh1ZmRTcFVDdxZLZDJqZzdCRlIxMm1hT0V4NTM1UEpBAAAAAAAAA5wWSnNaMjlUUE9RNUtoXzh1ZmRTcFVDdxZLZDJqZzdCRlIxMm1hT0V4NTM1UEpBAAAAAAAAA54WSnNaMjlUUE9RNUtoXzh1ZmRTcFVDdxZLZDJqZzdCRlIxMm1hT0V4NTM1UEpBAAAAAAAAA6AWSnNaMjlUUE9RNUtoXzh1ZmRTcFVDdxZLZDJqZzdCRlIxMm1hT0V4NTM1UEpBAAAAAAAAA6QWSnNaMjlUUE9RNUtoXzh1ZmRTcFVDdxZLZDJqZzdCRlIxMm1hT0V4NTM1UEpBAAAAAAAAA6YWSnNaMjlUUE9RNUtoXzh1ZmRTcFVDdw=="}
[2024-02-18 09:29:05][INFO][org.frameworkset.elasticsearch.client.ElasticSearchRestClient] ElasticSearch http request endpoint:http://192.168.137.1:9200/_search/scroll,retry:0,request body:
{"scroll" : "1m","scroll_id" : "FGluY2x1ZGVfY29udGV4dF91dWlkDnF1ZXJ5VGhlbkZldGNoBhZLZDJqZzdCRlIxMm1hT0V4NTM1UEpBAAAAAAAAA50WSnNaMjlUUE9RNUtoXzh1ZmRTcFVDdxZLZDJqZzdCRlIxMm1hT0V4NTM1UEpBAAAAAAAAA58WSnNaMjlUUE9RNUtoXzh1ZmRTcFVDdxZLZDJqZzdCRlIxMm1hT0V4NTM1UEpBAAAAAAAAA6EWSnNaMjlUUE9RNUtoXzh1ZmRTcFVDdxZLZDJqZzdCRlIxMm1hT0V4NTM1UEpBAAAAAAAAA6IWSnNaMjlUUE9RNUtoXzh1ZmRTcFVDdxZLZDJqZzdCRlIxMm1hT0V4NTM1UEpBAAAAAAAAA6MWSnNaMjlUUE9RNUtoXzh1ZmRTcFVDdxZLZDJqZzdCRlIxMm1hT0V4NTM1UEpBAAAAAAAAA6cWSnNaMjlUUE9RNUtoXzh1ZmRTcFVDdw=="}
[2024-02-18 09:29:05][INFO][org.frameworkset.elasticsearch.client.ElasticSearchRestClient] ElasticSearch http request endpoint:http://192.168.137.1:9200/_search/scroll,retry:0,request body:
{"scroll_id" : ["FGluY2x1ZGVfY29udGV4dF91dWlkDnF1ZXJ5VGhlbkZldGNoBhZLZDJqZzdCRlIxMm1hT0V4NTM1UEpBAAAAAAAAA5sWSnNaMjlUUE9RNUtoXzh1ZmRTcFVDdxZLZDJqZzdCRlIxMm1hT0V4NTM1UEpBAAAAAAAAA5wWSnNaMjlUUE9RNUtoXzh1ZmRTcFVDdxZLZDJqZzdCRlIxMm1hT0V4NTM1UEpBAAAAAAAAA54WSnNaMjlUUE9RNUtoXzh1ZmRTcFVDdxZLZDJqZzdCRlIxMm1hT0V4NTM1UEpBAAAAAAAAA6AWSnNaMjlUUE9RNUtoXzh1ZmRTcFVDdxZLZDJqZzdCRlIxMm1hT0V4NTM1UEpBAAAAAAAAA6QWSnNaMjlUUE9RNUtoXzh1ZmRTcFVDdxZLZDJqZzdCRlIxMm1hT0V4NTM1UEpBAAAAAAAAA6YWSnNaMjlUUE9RNUtoXzh1ZmRTcFVDdw=="]}
[2024-02-18 09:29:05][INFO][org.frameworkset.elasticsearch.client.ElasticSearchRestClient] ElasticSearch http request endpoint:http://192.168.137.1:9200/_search/scroll,retry:0,request body:
{"scroll_id" : ["FGluY2x1ZGVfY29udGV4dF91dWlkDnF1ZXJ5VGhlbkZldGNoBhZLZDJqZzdCRlIxMm1hT0V4NTM1UEpBAAAAAAAAA64WSnNaMjlUUE9RNUtoXzh1ZmRTcFVDdxZLZDJqZzdCRlIxMm1hT0V4NTM1UEpBAAAAAAAAA68WSnNaMjlUUE9RNUtoXzh1ZmRTcFVDdxZLZDJqZzdCRlIxMm1hT0V4NTM1UEpBAAAAAAAAA7AWSnNaMjlUUE9RNUtoXzh1ZmRTcFVDdxZLZDJqZzdCRlIxMm1hT0V4NTM1UEpBAAAAAAAAA7EWSnNaMjlUUE9RNUtoXzh1ZmRTcFVDdxZLZDJqZzdCRlIxMm1hT0V4NTM1UEpBAAAAAAAAA7IWSnNaMjlUUE9RNUtoXzh1ZmRTcFVDdxZLZDJqZzdCRlIxMm1hT0V4NTM1UEpBAAAAAAAAA7MWSnNaMjlUUE9RNUtoXzh1ZmRTcFVDdw=="]}
[2024-02-18 09:29:05][INFO][org.frameworkset.elasticsearch.client.ElasticSearchRestClient] ElasticSearch http request endpoint:http://192.168.137.1:9200/_search/scroll,retry:0,request body:
{"scroll_id" : ["FGluY2x1ZGVfY29udGV4dF91dWlkDnF1ZXJ5VGhlbkZldGNoBhZLZDJqZzdCRlIxMm1hT0V4NTM1UEpBAAAAAAAAA5YWSnNaMjlUUE9RNUtoXzh1ZmRTcFVDdxZLZDJqZzdCRlIxMm1hT0V4NTM1UEpBAAAAAAAAA5kWSnNaMjlUUE9RNUtoXzh1ZmRTcFVDdxZLZDJqZzdCRlIxMm1hT0V4NTM1UEpBAAAAAAAAA5cWSnNaMjlUUE9RNUtoXzh1ZmRTcFVDdxZLZDJqZzdCRlIxMm1hT0V4NTM1UEpBAAAAAAAAA5gWSnNaMjlUUE9RNUtoXzh1ZmRTcFVDdxZLZDJqZzdCRlIxMm1hT0V4NTM1UEpBAAAAAAAAA5oWSnNaMjlUUE9RNUtoXzh1ZmRTcFVDdxZLZDJqZzdCRlIxMm1hT0V4NTM1UEpBAAAAAAAAA6UWSnNaMjlUUE9RNUtoXzh1ZmRTcFVDdw=="]}
[2024-02-18 09:29:05][INFO][org.frameworkset.elasticsearch.client.ElasticSearchRestClient] ElasticSearch http request endpoint:http://192.168.137.1:9200/_search/scroll,retry:0,request body:
{"scroll_id" : ["FGluY2x1ZGVfY29udGV4dF91dWlkDnF1ZXJ5VGhlbkZldGNoBhZLZDJqZzdCRlIxMm1hT0V4NTM1UEpBAAAAAAAAA6gWSnNaMjlUUE9RNUtoXzh1ZmRTcFVDdxZLZDJqZzdCRlIxMm1hT0V4NTM1UEpBAAAAAAAAA6kWSnNaMjlUUE9RNUtoXzh1ZmRTcFVDdxZLZDJqZzdCRlIxMm1hT0V4NTM1UEpBAAAAAAAAA6oWSnNaMjlUUE9RNUtoXzh1ZmRTcFVDdxZLZDJqZzdCRlIxMm1hT0V4NTM1UEpBAAAAAAAAA6sWSnNaMjlUUE9RNUtoXzh1ZmRTcFVDdxZLZDJqZzdCRlIxMm1hT0V4NTM1UEpBAAAAAAAAA6wWSnNaMjlUUE9RNUtoXzh1ZmRTcFVDdxZLZDJqZzdCRlIxMm1hT0V4NTM1UEpBAAAAAAAAA60WSnNaMjlUUE9RNUtoXzh1ZmRTcFVDdw=="]}
[2024-02-18 09:29:05][INFO][org.frameworkset.elasticsearch.client.ElasticSearchRestClient] ElasticSearch http request endpoint:http://192.168.137.1:9200/_search/scroll,retry:0,request body:
{"scroll_id" : ["FGluY2x1ZGVfY29udGV4dF91dWlkDnF1ZXJ5VGhlbkZldGNoBhZLZDJqZzdCRlIxMm1hT0V4NTM1UEpBAAAAAAAAA50WSnNaMjlUUE9RNUtoXzh1ZmRTcFVDdxZLZDJqZzdCRlIxMm1hT0V4NTM1UEpBAAAAAAAAA58WSnNaMjlUUE9RNUtoXzh1ZmRTcFVDdxZLZDJqZzdCRlIxMm1hT0V4NTM1UEpBAAAAAAAAA6EWSnNaMjlUUE9RNUtoXzh1ZmRTcFVDdxZLZDJqZzdCRlIxMm1hT0V4NTM1UEpBAAAAAAAAA6IWSnNaMjlUUE9RNUtoXzh1ZmRTcFVDdxZLZDJqZzdCRlIxMm1hT0V4NTM1UEpBAAAAAAAAA6MWSnNaMjlUUE9RNUtoXzh1ZmRTcFVDdxZLZDJqZzdCRlIxMm1hT0V4NTM1UEpBAAAAAAAAA6cWSnNaMjlUUE9RNUtoXzh1ZmRTcFVDdw=="]}
[2024-02-18 09:29:05][INFO][org.frameworkset.elasticsearch.client.ElasticSearchRestClient] ElasticSearch http request endpoint:http://192.168.137.1:9200/_search/scroll,retry:0,request body:
{"scroll" : "1m","scroll_id" : "FGluY2x1ZGVfY29udGV4dF91dWlkDnF1ZXJ5VGhlbkZldGNoBhZLZDJqZzdCRlIxMm1hT0V4NTM1UEpBAAAAAAAAA7QWSnNaMjlUUE9RNUtoXzh1ZmRTcFVDdxZLZDJqZzdCRlIxMm1hT0V4NTM1UEpBAAAAAAAAA7UWSnNaMjlUUE9RNUtoXzh1ZmRTcFVDdxZLZDJqZzdCRlIxMm1hT0V4NTM1UEpBAAAAAAAAA7YWSnNaMjlUUE9RNUtoXzh1ZmRTcFVDdxZLZDJqZzdCRlIxMm1hT0V4NTM1UEpBAAAAAAAAA7cWSnNaMjlUUE9RNUtoXzh1ZmRTcFVDdxZLZDJqZzdCRlIxMm1hT0V4NTM1UEpBAAAAAAAAA7gWSnNaMjlUUE9RNUtoXzh1ZmRTcFVDdxZLZDJqZzdCRlIxMm1hT0V4NTM1UEpBAAAAAAAAA7kWSnNaMjlUUE9RNUtoXzh1ZmRTcFVDdw=="}
[2024-02-18 09:29:05][INFO][org.frameworkset.elasticsearch.client.ElasticSearchRestClient] ElasticSearch http request endpoint:http://192.168.137.1:9200/_search/scroll,retry:0,request body:
{"scroll_id" : ["FGluY2x1ZGVfY29udGV4dF91dWlkDnF1ZXJ5VGhlbkZldGNoBhZLZDJqZzdCRlIxMm1hT0V4NTM1UEpBAAAAAAAAA7QWSnNaMjlUUE9RNUtoXzh1ZmRTcFVDdxZLZDJqZzdCRlIxMm1hT0V4NTM1UEpBAAAAAAAAA7UWSnNaMjlUUE9RNUtoXzh1ZmRTcFVDdxZLZDJqZzdCRlIxMm1hT0V4NTM1UEpBAAAAAAAAA7YWSnNaMjlUUE9RNUtoXzh1ZmRTcFVDdxZLZDJqZzdCRlIxMm1hT0V4NTM1UEpBAAAAAAAAA7cWSnNaMjlUUE9RNUtoXzh1ZmRTcFVDdxZLZDJqZzdCRlIxMm1hT0V4NTM1UEpBAAAAAAAAA7gWSnNaMjlUUE9RNUtoXzh1ZmRTcFVDdxZLZDJqZzdCRlIxMm1hT0V4NTM1UEpBAAAAAAAAA7kWSnNaMjlUUE9RNUtoXzh1ZmRTcFVDdw=="]}
[2024-02-18 09:29:05][INFO][org.frameworkset.elasticsearch.client.ElasticSearchRestClient] ElasticSearch http request endpoint:http://192.168.137.1:9200/demo/_count,retry:0,request body:
{"query": {"match_all": {}}}
[2024-02-18 09:29:05][INFO][org.frameworkset.elasticsearch.client.ElasticSearchRestClient] ElasticSearch http request endpoint:http://192.168.137.1:9200/demo/_doc/2,retry:0
[2024-02-18 09:29:05][INFO][org.frameworkset.elasticsearch.client.ElasticSearchRestClient] ElasticSearch http request endpoint:http://192.168.137.1:9200/demo/_doc/3,retry:0
